[2021-05-27 06:16:57] local.ERROR: SQLSTATE[HY000] [1045] Access denied for user 'root'@'localhost' (using password: NO) (SQL: select * from `general_settings` order by `created_at` desc limit 1) {"exception":"[object] (Illuminate\\Database\\QueryException(code: 1045): SQLSTATE[HY000] [1045] Access denied for user 'root'@'localhost' (using password: NO) (SQL: select * from `general_settings` order by `created_at` desc limit 1) at /var/www/html/safarperfumes/vendor/laravel/framework/src/Illuminate/Database/Connection.php:669)
[stacktrace]
#0 /var/www/html/safarperfumes/vendor/laravel/framework/src/Illuminate/Database/Connection.php(629): Illuminate\\Database\\Connection->runQueryCallback()
#1 /var/www/html/safarperfumes/vendor/laravel/framework/src/Illuminate/Database/Connection.php(338): Illuminate\\Database\\Connection->run()
#2 /var/www/html/safarperfumes/vendor/laravel/framework/src/Illuminate/Database/Query/Builder.php(2149): Illuminate\\Database\\Connection->select()
#3 /var/www/html/safarperfumes/vendor/laravel/framework/src/Illuminate/Database/Query/Builder.php(2137): Illuminate\\Database\\Query\\Builder->runSelect()
#4 /var/www/html/safarperfumes/vendor/laravel/framework/src/Illuminate/Database/Query/Builder.php(2609): Illuminate\\Database\\Query\\Builder->Illuminate\\Database\\Query\\{closure}()
#5 /var/www/html/safarperfumes/vendor/laravel/framework/src/Illuminate/Database/Query/Builder.php(2138): Illuminate\\Database\\Query\\Builder->onceWithColumns()
#6 /var/www/html/safarperfumes/vendor/laravel/framework/src/Illuminate/Database/Concerns/BuildsQueries.php(143): Illuminate\\Database\\Query\\Builder->get()
#7 /var/www/html/safarperfumes/app/Providers/AppServiceProvider.php(41): Illuminate\\Database\\Query\\Builder->first()
#8 [internal function]: App\\Providers\\AppServiceProvider->boot()
#9 /var/www/html/safarperfumes/vendor/laravel/framework/src/Illuminate/Container/BoundMethod.php(32): call_user_func_array()
#10 /var/www/html/safarperfumes/vendor/laravel/framework/src/Illuminate/Container/Util.php(37): Illuminate\\Container\\BoundMethod::Illuminate\\Container\\{closure}()
#11 /var/www/html/safarperfumes/vendor/laravel/framework/src/Illuminate/Container/BoundMethod.php(90): Illuminate\\Container\\Util::unwrapIfClosure()
#12 /var/www/html/safarperfumes/vendor/laravel/framework/src/Illuminate/Container/BoundMethod.php(34): Illuminate\\Container\\BoundMethod::callBoundMethod()
#13 /var/www/html/safarperfumes/vendor/laravel/framework/src/Illuminate/Container/Container.php(590): Illuminate\\Container\\BoundMethod::call()
#14 /var/www/html/safarperfumes/vendor/laravel/framework/src/Illuminate/Foundation/Application.php(856): Illuminate\\Container\\Container->call()
#15 /var/www/html/safarperfumes/vendor/laravel/framework/src/Illuminate/Foundation/Application.php(839): Illuminate\\Foundation\\Application->bootProvider()
#16 [internal function]: Illuminate\\Foundation\\Application->Illuminate\\Foundation\\{closure}()
#17 /var/www/html/safarperfumes/vendor/laravel/framework/src/Illuminate/Foundation/Application.php(840): array_walk()
#18 /var/www/html/safarperfumes/vendor/laravel/framework/src/Illuminate/Foundation/Bootstrap/BootProviders.php(17): Illuminate\\Foundation\\Application->boot()
#19 /var/www/html/safarperfumes/vendor/laravel/framework/src/Illuminate/Foundation/Application.php(219): Illuminate\\Foundation\\Bootstrap\\BootProviders->bootstrap()
#20 /var/www/html/safarperfumes/vendor/laravel/framework/src/Illuminate/Foundation/Console/Kernel.php(320): Illuminate\\Foundation\\Application->bootstrapWith()
#21 /var/www/html/safarperfumes/vendor/laravel/framework/src/Illuminate/Foundation/Console/Kernel.php(129): Illuminate\\Foundation\\Console\\Kernel->bootstrap()
#22 /var/www/html/safarperfumes/artisan(37): Illuminate\\Foundation\\Console\\Kernel->handle()
#23 {main}

[previous exception] [object] (Doctrine\\DBAL\\Driver\\PDO\\Exception(code: 1045): SQLSTATE[HY000] [1045] Access denied for user 'root'@'localhost' (using password: NO) at /var/www/html/safarperfumes/vendor/doctrine/dbal/lib/Doctrine/DBAL/Driver/PDO/Exception.php:18)
[stacktrace]
#0 /var/www/html/safarperfumes/vendor/doctrine/dbal/lib/Doctrine/DBAL/Driver/PDOConnection.php(41): Doctrine\\DBAL\\Driver\\PDO\\Exception::new()
#1 /var/www/html/safarperfumes/vendor/laravel/framework/src/Illuminate/Database/Connectors/Connector.php(67): Doctrine\\DBAL\\Driver\\PDOConnection->__construct()
#2 /var/www/html/safarperfumes/vendor/laravel/framework/src/Illuminate/Database/Connectors/Connector.php(46): Illuminate\\Database\\Connectors\\Connector->createPdoConnection()
#3 /var/www/html/safarperfumes/vendor/laravel/framework/src/Illuminate/Database/Connectors/MySqlConnector.php(24): Illuminate\\Database\\Connectors\\Connector->createConnection()
#4 /var/www/html/safarperfumes/vendor/laravel/framework/src/Illuminate/Database/Connectors/ConnectionFactory.php(182): Illuminate\\Database\\Connectors\\MySqlConnector->connect()
#5 [internal function]: Illuminate\\Database\\Connectors\\ConnectionFactory->Illuminate\\Database\\Connectors\\{closure}()
#6 /var/www/html/safarperfumes/vendor/laravel/framework/src/Illuminate/Database/Connection.php(924): call_user_func()
#7 /var/www/html/safarperfumes/vendor/laravel/framework/src/Illuminate/Database/Connection.php(959): Illuminate\\Database\\Connection->getPdo()
#8 /var/www/html/safarperfumes/vendor/laravel/framework/src/Illuminate/Database/Connection.php(404): Illuminate\\Database\\Connection->getReadPdo()
#9 /var/www/html/safarperfumes/vendor/laravel/framework/src/Illuminate/Database/Connection.php(330): Illuminate\\Database\\Connection->getPdoForSelect()
#10 /var/www/html/safarperfumes/vendor/laravel/framework/src/Illuminate/Database/Connection.php(662): Illuminate\\Database\\Connection->Illuminate\\Database\\{closure}()
#11 /var/www/html/safarperfumes/vendor/laravel/framework/src/Illuminate/Database/Connection.php(629): Illuminate\\Database\\Connection->runQueryCallback()
#12 /var/www/html/safarperfumes/vendor/laravel/framework/src/Illuminate/Database/Connection.php(338): Illuminate\\Database\\Connection->run()
#13 /var/www/html/safarperfumes/vendor/laravel/framework/src/Illuminate/Database/Query/Builder.php(2149): Illuminate\\Database\\Connection->select()
#14 /var/www/html/safarperfumes/vendor/laravel/framework/src/Illuminate/Database/Query/Builder.php(2137): Illuminate\\Database\\Query\\Builder->runSelect()
#15 /var/www/html/safarperfumes/vendor/laravel/framework/src/Illuminate/Database/Query/Builder.php(2609): Illuminate\\Database\\Query\\Builder->Illuminate\\Database\\Query\\{closure}()
#16 /var/www/html/safarperfumes/vendor/laravel/framework/src/Illuminate/Database/Query/Builder.php(2138): Illuminate\\Database\\Query\\Builder->onceWithColumns()
#17 /var/www/html/safarperfumes/vendor/laravel/framework/src/Illuminate/Database/Concerns/BuildsQueries.php(143): Illuminate\\Database\\Query\\Builder->get()
#18 /var/www/html/safarperfumes/app/Providers/AppServiceProvider.php(41): Illuminate\\Database\\Query\\Builder->first()
#19 [internal function]: App\\Providers\\AppServiceProvider->boot()
#20 /var/www/html/safarperfumes/vendor/laravel/framework/src/Illuminate/Container/BoundMethod.php(32): call_user_func_array()
#21 /var/www/html/safarperfumes/vendor/laravel/framework/src/Illuminate/Container/Util.php(37): Illuminate\\Container\\BoundMethod::Illuminate\\Container\\{closure}()
#22 /var/www/html/safarperfumes/vendor/laravel/framework/src/Illuminate/Container/BoundMethod.php(90): Illuminate\\Container\\Util::unwrapIfClosure()
#23 /var/www/html/safarperfumes/vendor/laravel/framework/src/Illuminate/Container/BoundMethod.php(34): Illuminate\\Container\\BoundMethod::callBoundMethod()
#24 /var/www/html/safarperfumes/vendor/laravel/framework/src/Illuminate/Container/Container.php(590): Illuminate\\Container\\BoundMethod::call()
#25 /var/www/html/safarperfumes/vendor/laravel/framework/src/Illuminate/Foundation/Application.php(856): Illuminate\\Container\\Container->call()
#26 /var/www/html/safarperfumes/vendor/laravel/framework/src/Illuminate/Foundation/Application.php(839): Illuminate\\Foundation\\Application->bootProvider()
#27 [internal function]: Illuminate\\Foundation\\Application->Illuminate\\Foundation\\{closure}()
#28 /var/www/html/safarperfumes/vendor/laravel/framework/src/Illuminate/Foundation/Application.php(840): array_walk()
#29 /var/www/html/safarperfumes/vendor/laravel/framework/src/Illuminate/Foundation/Bootstrap/BootProviders.php(17): Illuminate\\Foundation\\Application->boot()
#30 /var/www/html/safarperfumes/vendor/laravel/framework/src/Illuminate/Foundation/Application.php(219): Illuminate\\Foundation\\Bootstrap\\BootProviders->bootstrap()
#31 /var/www/html/safarperfumes/vendor/laravel/framework/src/Illuminate/Foundation/Console/Kernel.php(320): Illuminate\\Foundation\\Application->bootstrapWith()
#32 /var/www/html/safarperfumes/vendor/laravel/framework/src/Illuminate/Foundation/Console/Kernel.php(129): Illuminate\\Foundation\\Console\\Kernel->bootstrap()
#33 /var/www/html/safarperfumes/artisan(37): Illuminate\\Foundation\\Console\\Kernel->handle()
#34 {main}

[previous exception] [object] (PDOException(code: 1045): SQLSTATE[HY000] [1045] Access denied for user 'root'@'localhost' (using password: NO) at /var/www/html/safarperfumes/vendor/doctrine/dbal/lib/Doctrine/DBAL/Driver/PDOConnection.php:37)
[stacktrace]
#0 /var/www/html/safarperfumes/vendor/doctrine/dbal/lib/Doctrine/DBAL/Driver/PDOConnection.php(37): PDO->__construct()
#1 /var/www/html/safarperfumes/vendor/laravel/framework/src/Illuminate/Database/Connectors/Connector.php(67): Doctrine\\DBAL\\Driver\\PDOConnection->__construct()
#2 /var/www/html/safarperfumes/vendor/laravel/framework/src/Illuminate/Database/Connectors/Connector.php(46): Illuminate\\Database\\Connectors\\Connector->createPdoConnection()
#3 /var/www/html/safarperfumes/vendor/laravel/framework/src/Illuminate/Database/Connectors/MySqlConnector.php(24): Illuminate\\Database\\Connectors\\Connector->createConnection()
#4 /var/www/html/safarperfumes/vendor/laravel/framework/src/Illuminate/Database/Connectors/ConnectionFactory.php(182): Illuminate\\Database\\Connectors\\MySqlConnector->connect()
#5 [internal function]: Illuminate\\Database\\Connectors\\ConnectionFactory->Illuminate\\Database\\Connectors\\{closure}()
#6 /var/www/html/safarperfumes/vendor/laravel/framework/src/Illuminate/Database/Connection.php(924): call_user_func()
#7 /var/www/html/safarperfumes/vendor/laravel/framework/src/Illuminate/Database/Connection.php(959): Illuminate\\Database\\Connection->getPdo()
#8 /var/www/html/safarperfumes/vendor/laravel/framework/src/Illuminate/Database/Connection.php(404): Illuminate\\Database\\Connection->getReadPdo()
#9 /var/www/html/safarperfumes/vendor/laravel/framework/src/Illuminate/Database/Connection.php(330): Illuminate\\Database\\Connection->getPdoForSelect()
#10 /var/www/html/safarperfumes/vendor/laravel/framework/src/Illuminate/Database/Connection.php(662): Illuminate\\Database\\Connection->Illuminate\\Database\\{closure}()
#11 /var/www/html/safarperfumes/vendor/laravel/framework/src/Illuminate/Database/Connection.php(629): Illuminate\\Database\\Connection->runQueryCallback()
#12 /var/www/html/safarperfumes/vendor/laravel/framework/src/Illuminate/Database/Connection.php(338): Illuminate\\Database\\Connection->run()
#13 /var/www/html/safarperfumes/vendor/laravel/framework/src/Illuminate/Database/Query/Builder.php(2149): Illuminate\\Database\\Connection->select()
#14 /var/www/html/safarperfumes/vendor/laravel/framework/src/Illuminate/Database/Query/Builder.php(2137): Illuminate\\Database\\Query\\Builder->runSelect()
#15 /var/www/html/safarperfumes/vendor/laravel/framework/src/Illuminate/Database/Query/Builder.php(2609): Illuminate\\Database\\Query\\Builder->Illuminate\\Database\\Query\\{closure}()
#16 /var/www/html/safarperfumes/vendor/laravel/framework/src/Illuminate/Database/Query/Builder.php(2138): Illuminate\\Database\\Query\\Builder->onceWithColumns()
#17 /var/www/html/safarperfumes/vendor/laravel/framework/src/Illuminate/Database/Concerns/BuildsQueries.php(143): Illuminate\\Database\\Query\\Builder->get()
#18 /var/www/html/safarperfumes/app/Providers/AppServiceProvider.php(41): Illuminate\\Database\\Query\\Builder->first()
#19 [internal function]: App\\Providers\\AppServiceProvider->boot()
#20 /var/www/html/safarperfumes/vendor/laravel/framework/src/Illuminate/Container/BoundMethod.php(32): call_user_func_array()
#21 /var/www/html/safarperfumes/vendor/laravel/framework/src/Illuminate/Container/Util.php(37): Illuminate\\Container\\BoundMethod::Illuminate\\Container\\{closure}()
#22 /var/www/html/safarperfumes/vendor/laravel/framework/src/Illuminate/Container/BoundMethod.php(90): Illuminate\\Container\\Util::unwrapIfClosure()
#23 /var/www/html/safarperfumes/vendor/laravel/framework/src/Illuminate/Container/BoundMethod.php(34): Illuminate\\Container\\BoundMethod::callBoundMethod()
#24 /var/www/html/safarperfumes/vendor/laravel/framework/src/Illuminate/Container/Container.php(590): Illuminate\\Container\\BoundMethod::call()
#25 /var/www/html/safarperfumes/vendor/laravel/framework/src/Illuminate/Foundation/Application.php(856): Illuminate\\Container\\Container->call()
#26 /var/www/html/safarperfumes/vendor/laravel/framework/src/Illuminate/Foundation/Application.php(839): Illuminate\\Foundation\\Application->bootProvider()
#27 [internal function]: Illuminate\\Foundation\\Application->Illuminate\\Foundation\\{closure}()
#28 /var/www/html/safarperfumes/vendor/laravel/framework/src/Illuminate/Foundation/Application.php(840): array_walk()
#29 /var/www/html/safarperfumes/vendor/laravel/framework/src/Illuminate/Foundation/Bootstrap/BootProviders.php(17): Illuminate\\Foundation\\Application->boot()
#30 /var/www/html/safarperfumes/vendor/laravel/framework/src/Illuminate/Foundation/Application.php(219): Illuminate\\Foundation\\Bootstrap\\BootProviders->bootstrap()
#31 /var/www/html/safarperfumes/vendor/laravel/framework/src/Illuminate/Foundation/Console/Kernel.php(320): Illuminate\\Foundation\\Application->bootstrapWith()
#32 /var/www/html/safarperfumes/vendor/laravel/framework/src/Illuminate/Foundation/Console/Kernel.php(129): Illuminate\\Foundation\\Console\\Kernel->bootstrap()
#33 /var/www/html/safarperfumes/artisan(37): Illuminate\\Foundation\\Console\\Kernel->handle()
#34 {main}
"} 
